INFO:__main__:載入 7310 筆流量記錄
INFO:__main__:開始訓練（300 episodes）...
INFO:__main__:Episode 10/300 - Avg Reward: 124.80
INFO:__main__:Episode 20/300 - Avg Reward: 124.95
INFO:__main__:Episode 30/300 - Avg Reward: 124.75
INFO:__main__:Episode 40/300 - Avg Reward: 124.80
INFO:__main__:Episode 50/300 - Avg Reward: 125.90
INFO:__main__:Episode 60/300 - Avg Reward: 123.40
INFO:__main__:Episode 70/300 - Avg Reward: 126.25
INFO:__main__:Episode 80/300 - Avg Reward: 124.50
INFO:__main__:Episode 90/300 - Avg Reward: 124.50
INFO:__main__:Episode 100/300 - Avg Reward: 124.00
INFO:__main__:Episode 110/300 - Avg Reward: 123.90
INFO:__main__:Episode 120/300 - Avg Reward: 125.70
INFO:__main__:Episode 130/300 - Avg Reward: 124.70
INFO:__main__:Episode 140/300 - Avg Reward: 124.45
INFO:__main__:Episode 150/300 - Avg Reward: 124.10
INFO:__main__:Episode 160/300 - Avg Reward: 125.30
INFO:__main__:Episode 170/300 - Avg Reward: 124.35
INFO:__main__:Episode 180/300 - Avg Reward: 125.15
INFO:__main__:Episode 190/300 - Avg Reward: 124.00
INFO:__main__:Episode 200/300 - Avg Reward: 125.05
INFO:__main__:Episode 210/300 - Avg Reward: 125.35
INFO:__main__:Episode 220/300 - Avg Reward: 125.15
INFO:__main__:Episode 230/300 - Avg Reward: 124.75
INFO:__main__:Episode 240/300 - Avg Reward: 126.05
INFO:__main__:Episode 250/300 - Avg Reward: 123.80
INFO:__main__:Episode 260/300 - Avg Reward: 125.50
INFO:__main__:Episode 270/300 - Avg Reward: 124.45
INFO:__main__:Episode 280/300 - Avg Reward: 124.90
INFO:__main__:Episode 290/300 - Avg Reward: 125.20
INFO:__main__:Episode 300/300 - Avg Reward: 123.60
INFO:__main__:✓ 訓練完成
INFO:__main__:評估策略（100 樣本）...
INFO:__main__:評估結果：{'avg_reward': 1.5, 'success_rate': 15.0, 'handover_count': 0}
INFO:__main__:模型已儲存：/home/thc1006/dev/uav-policy-results/optimized_policy_REAL_TRACTOR.json
INFO:__main__:✓ ML 優化完成
